31-Dec-2022 17:32:48.614 INFO [main] org.apache.catalina.startup.VersionLoggerListener.log Server version name:   Apache Tomcat/10.0.27
31-Dec-2022 17:32:48.625 INFO [main] org.apache.catalina.startup.VersionLoggerListener.log Server built:          Oct 3 2022 14:18:31 UTC
31-Dec-2022 17:32:48.626 INFO [main] org.apache.catalina.startup.VersionLoggerListener.log Server version number: 10.0.27.0
31-Dec-2022 17:32:48.626 INFO [main] org.apache.catalina.startup.VersionLoggerListener.log OS Name:               Linux
31-Dec-2022 17:32:48.626 INFO [main] org.apache.catalina.startup.VersionLoggerListener.log OS Version:            4.18.0-425.3.1.el8.x86_64
31-Dec-2022 17:32:48.626 INFO [main] org.apache.catalina.startup.VersionLoggerListener.log Architecture:          amd64
31-Dec-2022 17:32:48.626 INFO [main] org.apache.catalina.startup.VersionLoggerListener.log Java Home:             /usr/lib/jvm/java-1.8.0-openjdk-1.8.0.352.b08-2.el8_7.x86_64/jre
31-Dec-2022 17:32:48.626 INFO [main] org.apache.catalina.startup.VersionLoggerListener.log JVM Version:           1.8.0_352-b08
31-Dec-2022 17:32:48.626 INFO [main] org.apache.catalina.startup.VersionLoggerListener.log JVM Vendor:            Red Hat, Inc.
31-Dec-2022 17:32:48.626 INFO [main] org.apache.catalina.startup.VersionLoggerListener.log CATALINA_BASE:         /home/bgyan/apache-tomcat-10.0.27
31-Dec-2022 17:32:48.626 INFO [main] org.apache.catalina.startup.VersionLoggerListener.log CATALINA_HOME:         /home/bgyan/apache-tomcat-10.0.27
31-Dec-2022 17:32:48.634 INFO [main] org.apache.catalina.startup.VersionLoggerListener.log Command line argument: -Djava.util.logging.config.file=/home/bgyan/apache-tomcat-10.0.27/conf/logging.properties
31-Dec-2022 17:32:48.634 INFO [main] org.apache.catalina.startup.VersionLoggerListener.log Command line argument: -Djava.util.logging.manager=org.apache.juli.ClassLoaderLogManager
31-Dec-2022 17:32:48.634 INFO [main] org.apache.catalina.startup.VersionLoggerListener.log Command line argument: -Djdk.tls.ephemeralDHKeySize=2048
31-Dec-2022 17:32:48.634 INFO [main] org.apache.catalina.startup.VersionLoggerListener.log Command line argument: -Djava.protocol.handler.pkgs=org.apache.catalina.webresources
31-Dec-2022 17:32:48.634 INFO [main] org.apache.catalina.startup.VersionLoggerListener.log Command line argument: -Dorg.apache.catalina.security.SecurityListener.UMASK=0027
31-Dec-2022 17:32:48.634 INFO [main] org.apache.catalina.startup.VersionLoggerListener.log Command line argument: -Dignore.endorsed.dirs=
31-Dec-2022 17:32:48.635 INFO [main] org.apache.catalina.startup.VersionLoggerListener.log Command line argument: -Dcatalina.base=/home/bgyan/apache-tomcat-10.0.27
31-Dec-2022 17:32:48.635 INFO [main] org.apache.catalina.startup.VersionLoggerListener.log Command line argument: -Dcatalina.home=/home/bgyan/apache-tomcat-10.0.27
31-Dec-2022 17:32:48.635 INFO [main] org.apache.catalina.startup.VersionLoggerListener.log Command line argument: -Djava.io.tmpdir=/home/bgyan/apache-tomcat-10.0.27/temp
31-Dec-2022 17:32:48.637 INFO [main] org.apache.catalina.core.AprLifecycleListener.lifecycleEvent The Apache Tomcat Native library which allows using OpenSSL was not found on the java.library.path: [/usr/java/packages/lib/amd64:/usr/lib64:/lib64:/lib:/usr/lib]
31-Dec-2022 17:32:49.000 INFO [main] org.apache.coyote.AbstractProtocol.init Initializing ProtocolHandler ["http-nio-8080"]
31-Dec-2022 17:32:49.019 INFO [main] org.apache.catalina.startup.Catalina.load Server initialization in [594] milliseconds
31-Dec-2022 17:32:49.059 INFO [main] org.apache.catalina.core.StandardService.startInternal Starting service [Catalina]
31-Dec-2022 17:32:49.059 INFO [main] org.apache.catalina.core.StandardEngine.startInternal Starting Servlet engine: [Apache Tomcat/10.0.27]
31-Dec-2022 17:32:49.075 INFO [main] org.apache.catalina.startup.HostConfig.deployWAR Deploying web application archive [/home/bgyan/apache-tomcat-10.0.27/webapps/Maven-App-1.war]
31-Dec-2022 17:32:49.262 INFO [main] org.apache.catalina.startup.HostConfig.deployWAR Deployment of web application archive [/home/bgyan/apache-tomcat-10.0.27/webapps/Maven-App-1.war] has finished in [186] ms
31-Dec-2022 17:32:49.263 INFO [main] org.apache.catalina.startup.HostConfig.deployWAR Deploying web application archive [/home/bgyan/apache-tomcat-10.0.27/webapps/Maven-TestApp-2.war]
31-Dec-2022 17:32:49.277 INFO [main] org.apache.catalina.startup.HostConfig.deployWAR Deployment of web application archive [/home/bgyan/apache-tomcat-10.0.27/webapps/Maven-TestApp-2.war] has finished in [14] ms
31-Dec-2022 17:32:49.278 INFO [main] org.apache.catalina.startup.HostConfig.deployDirectory Deploying web application directory [/home/bgyan/apache-tomcat-10.0.27/webapps/ROOT]
31-Dec-2022 17:32:49.290 INFO [main] org.apache.catalina.startup.HostConfig.deployDirectory Deployment of web application directory [/home/bgyan/apache-tomcat-10.0.27/webapps/ROOT] has finished in [12] ms
31-Dec-2022 17:32:49.290 INFO [main] org.apache.catalina.startup.HostConfig.deployDirectory Deploying web application directory [/home/bgyan/apache-tomcat-10.0.27/webapps/docs]
31-Dec-2022 17:32:49.300 INFO [main] org.apache.catalina.startup.HostConfig.deployDirectory Deployment of web application directory [/home/bgyan/apache-tomcat-10.0.27/webapps/docs] has finished in [10] ms
31-Dec-2022 17:32:49.301 INFO [main] org.apache.catalina.startup.HostConfig.deployDirectory Deploying web application directory [/home/bgyan/apache-tomcat-10.0.27/webapps/examples]
31-Dec-2022 17:32:49.527 INFO [main] org.apache.catalina.startup.HostConfig.deployDirectory Deployment of web application directory [/home/bgyan/apache-tomcat-10.0.27/webapps/examples] has finished in [227] ms
31-Dec-2022 17:32:49.527 INFO [main] org.apache.catalina.startup.HostConfig.deployDirectory Deploying web application directory [/home/bgyan/apache-tomcat-10.0.27/webapps/host-manager]
31-Dec-2022 17:32:49.545 INFO [main] org.apache.catalina.startup.HostConfig.deployDirectory Deployment of web application directory [/home/bgyan/apache-tomcat-10.0.27/webapps/host-manager] has finished in [18] ms
31-Dec-2022 17:32:49.545 INFO [main] org.apache.catalina.startup.HostConfig.deployDirectory Deploying web application directory [/home/bgyan/apache-tomcat-10.0.27/webapps/manager]
31-Dec-2022 17:32:49.558 INFO [main] org.apache.catalina.startup.HostConfig.deployDirectory Deployment of web application directory [/home/bgyan/apache-tomcat-10.0.27/webapps/manager] has finished in [13] ms
31-Dec-2022 17:32:49.566 INFO [main] org.apache.coyote.AbstractProtocol.start Starting ProtocolHandler ["http-nio-8080"]
31-Dec-2022 17:32:49.586 INFO [main] org.apache.catalina.startup.Catalina.start Server startup in [567] milliseconds
31-Dec-2022 17:39:30.896 INFO [main] org.apache.catalina.core.StandardServer.await A valid shutdown command was received via the shutdown port. Stopping the Server instance.
31-Dec-2022 17:39:30.896 INFO [main] org.apache.coyote.AbstractProtocol.pause Pausing ProtocolHandler ["http-nio-8080"]
31-Dec-2022 17:39:30.900 INFO [main] org.apache.catalina.core.StandardService.stopInternal Stopping service [Catalina]
31-Dec-2022 17:39:30.931 INFO [main] org.apache.coyote.AbstractProtocol.stop Stopping ProtocolHandler ["http-nio-8080"]
31-Dec-2022 17:39:30.946 INFO [main] org.apache.coyote.AbstractProtocol.destroy Destroying ProtocolHandler ["http-nio-8080"]
31-Dec-2022 17:39:42.936 INFO [main] org.apache.catalina.startup.VersionLoggerListener.log Server version name:   Apache Tomcat/10.0.27
31-Dec-2022 17:39:42.937 INFO [main] org.apache.catalina.startup.VersionLoggerListener.log Server built:          Oct 3 2022 14:18:31 UTC
31-Dec-2022 17:39:42.937 INFO [main] org.apache.catalina.startup.VersionLoggerListener.log Server version number: 10.0.27.0
31-Dec-2022 17:39:42.938 INFO [main] org.apache.catalina.startup.VersionLoggerListener.log OS Name:               Linux
31-Dec-2022 17:39:42.938 INFO [main] org.apache.catalina.startup.VersionLoggerListener.log OS Version:            4.18.0-425.3.1.el8.x86_64
31-Dec-2022 17:39:42.938 INFO [main] org.apache.catalina.startup.VersionLoggerListener.log Architecture:          amd64
31-Dec-2022 17:39:42.938 INFO [main] org.apache.catalina.startup.VersionLoggerListener.log Java Home:             /usr/lib/jvm/java-1.8.0-openjdk-1.8.0.352.b08-2.el8_7.x86_64/jre
31-Dec-2022 17:39:42.938 INFO [main] org.apache.catalina.startup.VersionLoggerListener.log JVM Version:           1.8.0_352-b08
31-Dec-2022 17:39:42.938 INFO [main] org.apache.catalina.startup.VersionLoggerListener.log JVM Vendor:            Red Hat, Inc.
31-Dec-2022 17:39:42.938 INFO [main] org.apache.catalina.startup.VersionLoggerListener.log CATALINA_BASE:         /home/bgyan/apache-tomcat-10.0.27
31-Dec-2022 17:39:42.938 INFO [main] org.apache.catalina.startup.VersionLoggerListener.log CATALINA_HOME:         /home/bgyan/apache-tomcat-10.0.27
31-Dec-2022 17:39:42.940 INFO [main] org.apache.catalina.startup.VersionLoggerListener.log Command line argument: -Djava.util.logging.config.file=/home/bgyan/apache-tomcat-10.0.27/conf/logging.properties
31-Dec-2022 17:39:42.940 INFO [main] org.apache.catalina.startup.VersionLoggerListener.log Command line argument: -Djava.util.logging.manager=org.apache.juli.ClassLoaderLogManager
31-Dec-2022 17:39:42.940 INFO [main] org.apache.catalina.startup.VersionLoggerListener.log Command line argument: -Djdk.tls.ephemeralDHKeySize=2048
31-Dec-2022 17:39:42.940 INFO [main] org.apache.catalina.startup.VersionLoggerListener.log Command line argument: -Djava.protocol.handler.pkgs=org.apache.catalina.webresources
31-Dec-2022 17:39:42.940 INFO [main] org.apache.catalina.startup.VersionLoggerListener.log Command line argument: -Dorg.apache.catalina.security.SecurityListener.UMASK=0027
31-Dec-2022 17:39:42.940 INFO [main] org.apache.catalina.startup.VersionLoggerListener.log Command line argument: -Dignore.endorsed.dirs=
31-Dec-2022 17:39:42.940 INFO [main] org.apache.catalina.startup.VersionLoggerListener.log Command line argument: -Dcatalina.base=/home/bgyan/apache-tomcat-10.0.27
31-Dec-2022 17:39:42.940 INFO [main] org.apache.catalina.startup.VersionLoggerListener.log Command line argument: -Dcatalina.home=/home/bgyan/apache-tomcat-10.0.27
31-Dec-2022 17:39:42.940 INFO [main] org.apache.catalina.startup.VersionLoggerListener.log Command line argument: -Djava.io.tmpdir=/home/bgyan/apache-tomcat-10.0.27/temp
31-Dec-2022 17:39:42.942 INFO [main] org.apache.catalina.core.AprLifecycleListener.lifecycleEvent The Apache Tomcat Native library which allows using OpenSSL was not found on the java.library.path: [/usr/java/packages/lib/amd64:/usr/lib64:/lib64:/lib:/usr/lib]
31-Dec-2022 17:39:43.207 INFO [main] org.apache.coyote.AbstractProtocol.init Initializing ProtocolHandler ["http-nio-9090"]
31-Dec-2022 17:39:43.221 INFO [main] org.apache.catalina.startup.Catalina.load Server initialization in [418] milliseconds
31-Dec-2022 17:39:43.251 INFO [main] org.apache.catalina.core.StandardService.startInternal Starting service [Catalina]
31-Dec-2022 17:39:43.251 INFO [main] org.apache.catalina.core.StandardEngine.startInternal Starting Servlet engine: [Apache Tomcat/10.0.27]
31-Dec-2022 17:39:43.264 INFO [main] org.apache.catalina.startup.HostConfig.deployWAR Deploying web application archive [/home/bgyan/apache-tomcat-10.0.27/webapps/Maven-App-1.war]
31-Dec-2022 17:39:43.441 INFO [main] org.apache.catalina.startup.HostConfig.deployWAR Deployment of web application archive [/home/bgyan/apache-tomcat-10.0.27/webapps/Maven-App-1.war] has finished in [177] ms
31-Dec-2022 17:39:43.442 INFO [main] org.apache.catalina.startup.HostConfig.deployWAR Deploying web application archive [/home/bgyan/apache-tomcat-10.0.27/webapps/Maven-TestApp-2.war]
31-Dec-2022 17:39:43.455 INFO [main] org.apache.catalina.startup.HostConfig.deployWAR Deployment of web application archive [/home/bgyan/apache-tomcat-10.0.27/webapps/Maven-TestApp-2.war] has finished in [13] ms
31-Dec-2022 17:39:43.456 INFO [main] org.apache.catalina.startup.HostConfig.deployDirectory Deploying web application directory [/home/bgyan/apache-tomcat-10.0.27/webapps/ROOT]
31-Dec-2022 17:39:43.467 INFO [main] org.apache.catalina.startup.HostConfig.deployDirectory Deployment of web application directory [/home/bgyan/apache-tomcat-10.0.27/webapps/ROOT] has finished in [10] ms
31-Dec-2022 17:39:43.467 INFO [main] org.apache.catalina.startup.HostConfig.deployDirectory Deploying web application directory [/home/bgyan/apache-tomcat-10.0.27/webapps/docs]
31-Dec-2022 17:39:43.477 INFO [main] org.apache.catalina.startup.HostConfig.deployDirectory Deployment of web application directory [/home/bgyan/apache-tomcat-10.0.27/webapps/docs] has finished in [9] ms
31-Dec-2022 17:39:43.477 INFO [main] org.apache.catalina.startup.HostConfig.deployDirectory Deploying web application directory [/home/bgyan/apache-tomcat-10.0.27/webapps/examples]
31-Dec-2022 17:39:43.628 INFO [main] org.apache.catalina.startup.HostConfig.deployDirectory Deployment of web application directory [/home/bgyan/apache-tomcat-10.0.27/webapps/examples] has finished in [150] ms
31-Dec-2022 17:39:43.628 INFO [main] org.apache.catalina.startup.HostConfig.deployDirectory Deploying web application directory [/home/bgyan/apache-tomcat-10.0.27/webapps/host-manager]
31-Dec-2022 17:39:43.644 INFO [main] org.apache.catalina.startup.HostConfig.deployDirectory Deployment of web application directory [/home/bgyan/apache-tomcat-10.0.27/webapps/host-manager] has finished in [16] ms
31-Dec-2022 17:39:43.645 INFO [main] org.apache.catalina.startup.HostConfig.deployDirectory Deploying web application directory [/home/bgyan/apache-tomcat-10.0.27/webapps/manager]
31-Dec-2022 17:39:43.659 INFO [main] org.apache.catalina.startup.HostConfig.deployDirectory Deployment of web application directory [/home/bgyan/apache-tomcat-10.0.27/webapps/manager] has finished in [14] ms
31-Dec-2022 17:39:43.662 INFO [main] org.apache.coyote.AbstractProtocol.start Starting ProtocolHandler ["http-nio-9090"]
31-Dec-2022 17:39:43.680 INFO [main] org.apache.catalina.startup.Catalina.start Server startup in [458] milliseconds
31-Dec-2022 20:24:37.992 INFO [main] org.apache.catalina.startup.VersionLoggerListener.log Server version name:   Apache Tomcat/10.0.27
31-Dec-2022 20:24:37.998 INFO [main] org.apache.catalina.startup.VersionLoggerListener.log Server built:          Oct 3 2022 14:18:31 UTC
31-Dec-2022 20:24:37.998 INFO [main] org.apache.catalina.startup.VersionLoggerListener.log Server version number: 10.0.27.0
31-Dec-2022 20:24:37.998 INFO [main] org.apache.catalina.startup.VersionLoggerListener.log OS Name:               Linux
31-Dec-2022 20:24:37.998 INFO [main] org.apache.catalina.startup.VersionLoggerListener.log OS Version:            4.18.0-425.3.1.el8.x86_64
31-Dec-2022 20:24:37.998 INFO [main] org.apache.catalina.startup.VersionLoggerListener.log Architecture:          amd64
31-Dec-2022 20:24:37.998 INFO [main] org.apache.catalina.startup.VersionLoggerListener.log Java Home:             /usr/lib/jvm/java-1.8.0-openjdk-1.8.0.352.b08-2.el8_7.x86_64/jre
31-Dec-2022 20:24:37.998 INFO [main] org.apache.catalina.startup.VersionLoggerListener.log JVM Version:           1.8.0_352-b08
31-Dec-2022 20:24:37.998 INFO [main] org.apache.catalina.startup.VersionLoggerListener.log JVM Vendor:            Red Hat, Inc.
31-Dec-2022 20:24:37.999 INFO [main] org.apache.catalina.startup.VersionLoggerListener.log CATALINA_BASE:         /home/bgyan/apache-tomcat-10.0.27
31-Dec-2022 20:24:37.999 INFO [main] org.apache.catalina.startup.VersionLoggerListener.log CATALINA_HOME:         /home/bgyan/apache-tomcat-10.0.27
31-Dec-2022 20:24:38.001 INFO [main] org.apache.catalina.startup.VersionLoggerListener.log Command line argument: -Djava.util.logging.config.file=/home/bgyan/apache-tomcat-10.0.27/conf/logging.properties
31-Dec-2022 20:24:38.001 INFO [main] org.apache.catalina.startup.VersionLoggerListener.log Command line argument: -Djava.util.logging.manager=org.apache.juli.ClassLoaderLogManager
31-Dec-2022 20:24:38.001 INFO [main] org.apache.catalina.startup.VersionLoggerListener.log Command line argument: -Djdk.tls.ephemeralDHKeySize=2048
31-Dec-2022 20:24:38.001 INFO [main] org.apache.catalina.startup.VersionLoggerListener.log Command line argument: -Djava.protocol.handler.pkgs=org.apache.catalina.webresources
31-Dec-2022 20:24:38.001 INFO [main] org.apache.catalina.startup.VersionLoggerListener.log Command line argument: -Dorg.apache.catalina.security.SecurityListener.UMASK=0027
31-Dec-2022 20:24:38.001 INFO [main] org.apache.catalina.startup.VersionLoggerListener.log Command line argument: -Dignore.endorsed.dirs=
31-Dec-2022 20:24:38.001 INFO [main] org.apache.catalina.startup.VersionLoggerListener.log Command line argument: -Dcatalina.base=/home/bgyan/apache-tomcat-10.0.27
31-Dec-2022 20:24:38.001 INFO [main] org.apache.catalina.startup.VersionLoggerListener.log Command line argument: -Dcatalina.home=/home/bgyan/apache-tomcat-10.0.27
31-Dec-2022 20:24:38.001 INFO [main] org.apache.catalina.startup.VersionLoggerListener.log Command line argument: -Djava.io.tmpdir=/home/bgyan/apache-tomcat-10.0.27/temp
31-Dec-2022 20:24:38.002 INFO [main] org.apache.catalina.core.AprLifecycleListener.lifecycleEvent The Apache Tomcat Native library which allows using OpenSSL was not found on the java.library.path: [/usr/java/packages/lib/amd64:/usr/lib64:/lib64:/lib:/usr/lib]
31-Dec-2022 20:24:38.222 INFO [main] org.apache.coyote.AbstractProtocol.init Initializing ProtocolHandler ["http-nio-9090"]
31-Dec-2022 20:24:38.231 SEVERE [main] org.apache.catalina.util.LifecycleBase.handleSubClassException Failed to initialize component [Connector[HTTP/1.1-9090]]
	org.apache.catalina.LifecycleException: Protocol handler initialization failed
		at org.apache.catalina.connector.Connector.initInternal(Connector.java:1055)
		at org.apache.catalina.util.LifecycleBase.init(LifecycleBase.java:136)
		at org.apache.catalina.core.StandardService.initInternal(StandardService.java:556)
		at org.apache.catalina.util.LifecycleBase.init(LifecycleBase.java:136)
		at org.apache.catalina.core.StandardServer.initInternal(StandardServer.java:1045)
		at org.apache.catalina.util.LifecycleBase.init(LifecycleBase.java:136)
		at org.apache.catalina.startup.Catalina.load(Catalina.java:747)
		at org.apache.catalina.startup.Catalina.load(Catalina.java:769)
		at sun.reflect.NativeMethodAccessorImpl.invoke0(Native Method)
		at sun.reflect.NativeMethodAccessorImpl.invoke(NativeMethodAccessorImpl.java:62)
		at sun.reflect.DelegatingMethodAccessorImpl.invoke(DelegatingMethodAccessorImpl.java:43)
		at java.lang.reflect.Method.invoke(Method.java:498)
		at org.apache.catalina.startup.Bootstrap.load(Bootstrap.java:305)
		at org.apache.catalina.startup.Bootstrap.main(Bootstrap.java:475)
	Caused by: java.net.BindException: Address already in use
		at sun.nio.ch.Net.bind0(Native Method)
		at sun.nio.ch.Net.bind(Net.java:461)
		at sun.nio.ch.Net.bind(Net.java:453)
		at sun.nio.ch.ServerSocketChannelImpl.bind(ServerSocketChannelImpl.java:222)
		at org.apache.tomcat.util.net.NioEndpoint.initServerSocket(NioEndpoint.java:246)
		at org.apache.tomcat.util.net.NioEndpoint.bind(NioEndpoint.java:201)
		at org.apache.tomcat.util.net.AbstractEndpoint.bindWithCleanup(AbstractEndpoint.java:1192)
		at org.apache.tomcat.util.net.AbstractEndpoint.init(AbstractEndpoint.java:1205)
		at org.apache.coyote.AbstractProtocol.init(AbstractProtocol.java:583)
		at org.apache.coyote.http11.AbstractHttp11Protocol.init(AbstractHttp11Protocol.java:79)
		at org.apache.catalina.connector.Connector.initInternal(Connector.java:1052)
		... 13 more
31-Dec-2022 20:24:38.231 INFO [main] org.apache.catalina.startup.Catalina.load Server initialization in [360] milliseconds
31-Dec-2022 20:24:38.252 INFO [main] org.apache.catalina.core.StandardService.startInternal Starting service [Catalina]
31-Dec-2022 20:24:38.252 INFO [main] org.apache.catalina.core.StandardEngine.startInternal Starting Servlet engine: [Apache Tomcat/10.0.27]
31-Dec-2022 20:24:38.266 INFO [main] org.apache.catalina.startup.HostConfig.deployWAR Deploying web application archive [/home/bgyan/apache-tomcat-10.0.27/webapps/Maven-App-1.war]
31-Dec-2022 20:24:38.421 INFO [main] org.apache.catalina.startup.HostConfig.deployWAR Deployment of web application archive [/home/bgyan/apache-tomcat-10.0.27/webapps/Maven-App-1.war] has finished in [154] ms
31-Dec-2022 20:24:38.422 INFO [main] org.apache.catalina.startup.HostConfig.deployWAR Deploying web application archive [/home/bgyan/apache-tomcat-10.0.27/webapps/Maven-TestApp-2.war]
31-Dec-2022 20:24:38.435 INFO [main] org.apache.catalina.startup.HostConfig.deployWAR Deployment of web application archive [/home/bgyan/apache-tomcat-10.0.27/webapps/Maven-TestApp-2.war] has finished in [13] ms
31-Dec-2022 20:24:38.436 INFO [main] org.apache.catalina.startup.HostConfig.deployDirectory Deploying web application directory [/home/bgyan/apache-tomcat-10.0.27/webapps/ROOT]
31-Dec-2022 20:24:38.445 INFO [main] org.apache.catalina.startup.HostConfig.deployDirectory Deployment of web application directory [/home/bgyan/apache-tomcat-10.0.27/webapps/ROOT] has finished in [9] ms
31-Dec-2022 20:24:38.445 INFO [main] org.apache.catalina.startup.HostConfig.deployDirectory Deploying web application directory [/home/bgyan/apache-tomcat-10.0.27/webapps/docs]
31-Dec-2022 20:24:38.453 INFO [main] org.apache.catalina.startup.HostConfig.deployDirectory Deployment of web application directory [/home/bgyan/apache-tomcat-10.0.27/webapps/docs] has finished in [8] ms
31-Dec-2022 20:24:38.454 INFO [main] org.apache.catalina.startup.HostConfig.deployDirectory Deploying web application directory [/home/bgyan/apache-tomcat-10.0.27/webapps/examples]
31-Dec-2022 20:24:38.593 INFO [main] org.apache.catalina.startup.HostConfig.deployDirectory Deployment of web application directory [/home/bgyan/apache-tomcat-10.0.27/webapps/examples] has finished in [139] ms
31-Dec-2022 20:24:38.593 INFO [main] org.apache.catalina.startup.HostConfig.deployDirectory Deploying web application directory [/home/bgyan/apache-tomcat-10.0.27/webapps/host-manager]
31-Dec-2022 20:24:38.606 INFO [main] org.apache.catalina.startup.HostConfig.deployDirectory Deployment of web application directory [/home/bgyan/apache-tomcat-10.0.27/webapps/host-manager] has finished in [13] ms
31-Dec-2022 20:24:38.606 INFO [main] org.apache.catalina.startup.HostConfig.deployDirectory Deploying web application directory [/home/bgyan/apache-tomcat-10.0.27/webapps/manager]
31-Dec-2022 20:24:38.618 INFO [main] org.apache.catalina.startup.HostConfig.deployDirectory Deployment of web application directory [/home/bgyan/apache-tomcat-10.0.27/webapps/manager] has finished in [12] ms
31-Dec-2022 20:24:38.621 INFO [main] org.apache.catalina.startup.Catalina.start Server startup in [389] milliseconds
31-Dec-2022 20:24:38.622 SEVERE [main] org.apache.catalina.core.StandardServer.await Failed to create server shutdown socket on address [localhost] and port [8005] (base port [8005] and offset [0])
	java.net.BindException: Address already in use (Bind failed)
		at java.net.PlainSocketImpl.socketBind(Native Method)
		at java.net.AbstractPlainSocketImpl.bind(AbstractPlainSocketImpl.java:387)
		at java.net.ServerSocket.bind(ServerSocket.java:390)
		at java.net.ServerSocket.<init>(ServerSocket.java:252)
		at org.apache.catalina.core.StandardServer.await(StandardServer.java:580)
		at org.apache.catalina.startup.Catalina.await(Catalina.java:887)
		at org.apache.catalina.startup.Catalina.start(Catalina.java:833)
		at sun.reflect.NativeMethodAccessorImpl.invoke0(Native Method)
		at sun.reflect.NativeMethodAccessorImpl.invoke(NativeMethodAccessorImpl.java:62)
		at sun.reflect.DelegatingMethodAccessorImpl.invoke(DelegatingMethodAccessorImpl.java:43)
		at java.lang.reflect.Method.invoke(Method.java:498)
		at org.apache.catalina.startup.Bootstrap.start(Bootstrap.java:345)
		at org.apache.catalina.startup.Bootstrap.main(Bootstrap.java:476)
31-Dec-2022 20:24:38.623 INFO [main] org.apache.coyote.AbstractProtocol.pause Pausing ProtocolHandler ["http-nio-9090"]
31-Dec-2022 20:24:38.623 INFO [main] org.apache.catalina.core.StandardService.stopInternal Stopping service [Catalina]
31-Dec-2022 20:24:38.636 INFO [main] org.apache.coyote.AbstractProtocol.stop Stopping ProtocolHandler ["http-nio-9090"]
31-Dec-2022 20:24:38.636 INFO [main] org.apache.coyote.AbstractProtocol.destroy Destroying ProtocolHandler ["http-nio-9090"]
31-Dec-2022 20:27:47.677 INFO [main] org.apache.catalina.core.StandardServer.await A valid shutdown command was received via the shutdown port. Stopping the Server instance.
31-Dec-2022 20:27:47.679 INFO [main] org.apache.coyote.AbstractProtocol.pause Pausing ProtocolHandler ["http-nio-9090"]
31-Dec-2022 20:27:47.682 INFO [main] org.apache.catalina.core.StandardService.stopInternal Stopping service [Catalina]
31-Dec-2022 20:27:47.715 INFO [main] org.apache.coyote.AbstractProtocol.stop Stopping ProtocolHandler ["http-nio-9090"]
31-Dec-2022 20:27:47.738 INFO [main] org.apache.coyote.AbstractProtocol.destroy Destroying ProtocolHandler ["http-nio-9090"]
